<?xml version="1.0" encoding="UTF-8"?>
<!-- Generated by org.testng.reporters.JUnitXMLReporter -->
<testsuite ignored="0" hostname="carlos" failures="0" tests="9" name="Default test" time="0.077" errors="0" timestamp="2022-11-14T12:07:57 CST">
  <testcase classname="proyecto_junit.TestPizzeriaEjercicio1" name="verificarGuardarIngrediente1ComoOpcionInvalida" time="0.007"/>
  <testcase classname="proyecto_junit.TestPizzeriaEjercicio1" name="verificarGuardarIngrediente1ComoPeperoni" time="0.002"/>
  <testcase classname="proyecto_junit.TestPizzeriaEjercicio1" name="verificarGuardarIngrediente1ComoPimiento" time="0.002"/>
  <testcase classname="proyecto_junit.TestPizzeriaEjercicio1" name="verificarGuardarIngrediente2ComoHongos" time="0.001"/>
  <testcase classname="proyecto_junit.TestPizzeriaEjercicio1" name="verificarGuardarIngrediente2ComoJamon" time="0.001"/>
  <testcase classname="proyecto_junit.TestPizzeriaEjercicio1" name="verificarGuardarIngrediente3ComoEspinaca" time="0.001"/>
  <testcase classname="proyecto_junit.TestPizzeriaEjercicio1" name="verificarGuardarIngrediente3ComoSalchicha" time="0.002"/>
  <testcase classname="proyecto_junit.TestPizzeriaEjercicio1" name="verificarOpcionVeganaVerdadera" time="0.001"/>
  <testcase classname="proyecto_junit.TestPizzeriaEjercicio1" name="verificarOpcopnVeganaFalsa" time="0.001"/>
</testsuite> <!-- Default test -->
