<?xml version="1.0" encoding="UTF-8"?>
<testng-results ignored="0" total="9" passed="9" failed="0" skipped="0">
  <reporter-output>
  </reporter-output>
  <suite started-at="2022-11-14T12:07:57 CST" name="Default suite" finished-at="2022-11-14T12:07:57 CST" duration-ms="77">
    <groups>
    </groups>
    <test started-at="2022-11-14T12:07:57 CST" name="Default test" finished-at="2022-11-14T12:07:57 CST" duration-ms="77">
      <class name="proyecto_junit.TestPizzeriaEjercicio1">
        <test-method is-config="true" signature="initialConditions()[pri:0, instance:proyecto_junit.TestPizzeriaEjercicio1@5ba3f27a]" started-at="2022-11-14T12:07:57 CST" name="initialConditions" finished-at="2022-11-14T12:07:57 CST" duration-ms="10" status="PASS">
          <reporter-output>
          </reporter-output>
        </test-method> <!-- initialConditions -->
        <test-method is-config="true" signature="preConditions()[pri:0, instance:proyecto_junit.TestPizzeriaEjercicio1@5ba3f27a]" started-at="2022-11-14T12:07:57 CST" name="preConditions" finished-at="2022-11-14T12:07:57 CST" duration-ms="1" status="PASS">
          <reporter-output>
          </reporter-output>
        </test-method> <!-- preConditions -->
        <test-method signature="verificarGuardarIngrediente1ComoOpcionInvalida()[pri:0, instance:proyecto_junit.TestPizzeriaEjercicio1@5ba3f27a]" started-at="2022-11-14T12:07:57 CST" name="verificarGuardarIngrediente1ComoOpcionInvalida" finished-at="2022-11-14T12:07:57 CST" duration-ms="7" status="PASS">
          <reporter-output>
          </reporter-output>
        </test-method> <!-- verificarGuardarIngrediente1ComoOpcionInvalida -->
        <test-method signature="verificarGuardarIngrediente1ComoPeperoni()[pri:0, instance:proyecto_junit.TestPizzeriaEjercicio1@5ba3f27a]" started-at="2022-11-14T12:07:57 CST" name="verificarGuardarIngrediente1ComoPeperoni" finished-at="2022-11-14T12:07:57 CST" duration-ms="2" status="PASS">
          <reporter-output>
          </reporter-output>
        </test-method> <!-- verificarGuardarIngrediente1ComoPeperoni -->
        <test-method signature="verificarGuardarIngrediente1ComoPimiento()[pri:0, instance:proyecto_junit.TestPizzeriaEjercicio1@5ba3f27a]" started-at="2022-11-14T12:07:57 CST" name="verificarGuardarIngrediente1ComoPimiento" finished-at="2022-11-14T12:07:57 CST" duration-ms="2" status="PASS">
          <reporter-output>
          </reporter-output>
        </test-method> <!-- verificarGuardarIngrediente1ComoPimiento -->
        <test-method signature="verificarGuardarIngrediente2ComoHongos()[pri:0, instance:proyecto_junit.TestPizzeriaEjercicio1@5ba3f27a]" started-at="2022-11-14T12:07:57 CST" name="verificarGuardarIngrediente2ComoHongos" finished-at="2022-11-14T12:07:57 CST" duration-ms="1" status="PASS">
          <reporter-output>
          </reporter-output>
        </test-method> <!-- verificarGuardarIngrediente2ComoHongos -->
        <test-method signature="verificarGuardarIngrediente2ComoJamon()[pri:0, instance:proyecto_junit.TestPizzeriaEjercicio1@5ba3f27a]" started-at="2022-11-14T12:07:57 CST" name="verificarGuardarIngrediente2ComoJamon" finished-at="2022-11-14T12:07:57 CST" duration-ms="1" status="PASS">
          <reporter-output>
          </reporter-output>
        </test-method> <!-- verificarGuardarIngrediente2ComoJamon -->
        <test-method signature="verificarGuardarIngrediente3ComoEspinaca()[pri:0, instance:proyecto_junit.TestPizzeriaEjercicio1@5ba3f27a]" started-at="2022-11-14T12:07:57 CST" name="verificarGuardarIngrediente3ComoEspinaca" finished-at="2022-11-14T12:07:57 CST" duration-ms="1" status="PASS">
          <reporter-output>
          </reporter-output>
        </test-method> <!-- verificarGuardarIngrediente3ComoEspinaca -->
        <test-method signature="verificarGuardarIngrediente3ComoSalchicha()[pri:0, instance:proyecto_junit.TestPizzeriaEjercicio1@5ba3f27a]" started-at="2022-11-14T12:07:57 CST" name="verificarGuardarIngrediente3ComoSalchicha" finished-at="2022-11-14T12:07:57 CST" duration-ms="2" status="PASS">
          <reporter-output>
          </reporter-output>
        </test-method> <!-- verificarGuardarIngrediente3ComoSalchicha -->
        <test-method signature="verificarOpcionVeganaVerdadera()[pri:0, instance:proyecto_junit.TestPizzeriaEjercicio1@5ba3f27a]" started-at="2022-11-14T12:07:57 CST" name="verificarOpcionVeganaVerdadera" finished-at="2022-11-14T12:07:57 CST" duration-ms="1" status="PASS">
          <reporter-output>
          </reporter-output>
        </test-method> <!-- verificarOpcionVeganaVerdadera -->
        <test-method signature="verificarOpcopnVeganaFalsa()[pri:0, instance:proyecto_junit.TestPizzeriaEjercicio1@5ba3f27a]" started-at="2022-11-14T12:07:57 CST" name="verificarOpcopnVeganaFalsa" finished-at="2022-11-14T12:07:57 CST" duration-ms="1" status="PASS">
          <reporter-output>
          </reporter-output>
        </test-method> <!-- verificarOpcopnVeganaFalsa -->
      </class> <!-- proyecto_junit.TestPizzeriaEjercicio1 -->
    </test> <!-- Default test -->
  </suite> <!-- Default suite -->
</testng-results>
